[2026-03-04 15:29:25] ========== 开始监控检查 ==========
[2026-03-04 15:29:25] 正常：容器 lnmp_mysql 正在运行
[2026-03-04 15:29:25] 正常：容器 lnmp_php 正在运行
[2026-03-04 15:29:25] 正常：容器 lnmp_nginx 正在运行
[2026-03-04 15:29:25] ========== 监控检查结束 ==========
[2026-03-04 15:30:22] ========== 开始监控检查 ==========
[2026-03-04 15:30:22] 正常：容器 lnmp_mysql 正在运行
[2026-03-04 15:30:22] 正常：容器 lnmp_php 正在运行
[2026-03-04 15:30:22] 警告：容器 lnmp_nginx 未运行，尝试重启...
[2026-03-04 15:30:23] 成功重启容器 lnmp_nginx
[2026-03-04 15:30:23] ========== 监控检查结束 ==========
[2026-03-04 15:35:01] ========== 开始监控检查 ==========
[2026-03-04 15:35:01] 正常：容器 lnmp_mysql 正在运行
[2026-03-04 15:35:01] 正常：容器 lnmp_php 正在运行
[2026-03-04 15:35:01] 正常：容器 lnmp_nginx 正在运行
[2026-03-04 15:35:01] ========== 监控检查结束 ==========
[2026-03-04 15:40:01] ========== 开始监控检查 ==========
[2026-03-04 15:40:02] 正常：容器 lnmp_mysql 正在运行
[2026-03-04 15:40:02] 正常：容器 lnmp_php 正在运行
[2026-03-04 15:40:02] 正常：容器 lnmp_nginx 正在运行
[2026-03-04 15:40:02] ========== 监控检查结束 ==========
[2026-03-04 15:45:01] ========== 开始监控检查 ==========
[2026-03-04 15:45:01] 正常：容器 lnmp_mysql 正在运行
[2026-03-04 15:45:01] 正常：容器 lnmp_php 正在运行
[2026-03-04 15:45:01] 正常：容器 lnmp_nginx 正在运行
[2026-03-04 15:45:01] ========== 监控检查结束 ==========
[2026-03-04 15:50:01] ========== 开始监控检查 ==========
[2026-03-04 15:50:01] 正常：容器 lnmp_mysql 正在运行
[2026-03-04 15:50:02] 正常：容器 lnmp_php 正在运行
[2026-03-04 15:50:02] 正常：容器 lnmp_nginx 正在运行
[2026-03-04 15:50:02] ========== 监控检查结束 ==========
[2026-03-04 15:55:01] ========== 开始监控检查 ==========
[2026-03-04 15:55:01] 正常：容器 lnmp_mysql 正在运行
[2026-03-04 15:55:01] 正常：容器 lnmp_php 正在运行
[2026-03-04 15:55:01] 正常：容器 lnmp_nginx 正在运行
[2026-03-04 15:55:01] ========== 监控检查结束 ==========
[2026-03-04 16:00:01] ========== 开始监控检查 ==========
[2026-03-04 16:00:01] 正常：容器 lnmp_mysql 正在运行
[2026-03-04 16:00:01] 正常：容器 lnmp_php 正在运行
[2026-03-04 16:00:01] 正常：容器 lnmp_nginx 正在运行
[2026-03-04 16:00:01] ========== 监控检查结束 ==========
[2026-03-04 16:05:01] ========== 开始监控检查 ==========
[2026-03-04 16:05:01] 正常：容器 lnmp_mysql 正在运行
[2026-03-04 16:05:01] 正常：容器 lnmp_php 正在运行
[2026-03-04 16:05:01] 正常：容器 lnmp_nginx 正在运行
[2026-03-04 16:05:01] ========== 监控检查结束 ==========
[2026-03-04 16:10:01] ========== 开始监控检查 ==========
[2026-03-04 16:10:01] 正常：容器 lnmp_mysql 正在运行
[2026-03-04 16:10:01] 正常：容器 lnmp_php 正在运行
[2026-03-04 16:10:01] 正常：容器 lnmp_nginx 正在运行
[2026-03-04 16:10:01] ========== 监控检查结束 ==========
[2026-03-04 16:15:01] ========== 开始监控检查 ==========
[2026-03-04 16:15:02] 正常：容器 lnmp_mysql 正在运行
[2026-03-04 16:15:02] 正常：容器 lnmp_php 正在运行
[2026-03-04 16:15:02] 正常：容器 lnmp_nginx 正在运行
[2026-03-04 16:15:02] ========== 监控检查结束 ==========
[2026-03-04 16:20:01] ========== 开始监控检查 ==========
[2026-03-04 16:20:01] 正常：容器 lnmp_mysql 正在运行
[2026-03-04 16:20:01] 正常：容器 lnmp_php 正在运行
[2026-03-04 16:20:01] 正常：容器 lnmp_nginx 正在运行
[2026-03-04 16:20:01] ========== 监控检查结束 ==========
[2026-03-04 16:25:01] ========== 开始监控检查 ==========
[2026-03-04 16:25:01] 正常：容器 lnmp_mysql 正在运行
[2026-03-04 16:25:02] 正常：容器 lnmp_php 正在运行
[2026-03-04 16:25:02] 正常：容器 lnmp_nginx 正在运行
[2026-03-04 16:25:02] ========== 监控检查结束 ==========
[2026-03-04 16:30:01] ========== 开始监控检查 ==========
[2026-03-04 16:30:01] 正常：容器 lnmp_mysql 正在运行
[2026-03-04 16:30:01] 正常：容器 lnmp_php 正在运行
[2026-03-04 16:30:01] 正常：容器 lnmp_nginx 正在运行
[2026-03-04 16:30:01] ========== 监控检查结束 ==========
[2026-03-04 16:35:01] ========== 开始监控检查 ==========
[2026-03-04 16:35:01] 正常：容器 lnmp_mysql 正在运行
[2026-03-04 16:35:01] 正常：容器 lnmp_php 正在运行
[2026-03-04 16:35:02] 正常：容器 lnmp_nginx 正在运行
[2026-03-04 16:35:02] ========== 监控检查结束 ==========
[2026-03-04 16:40:01] ========== 开始监控检查 ==========
[2026-03-04 16:40:01] 正常：容器 lnmp_mysql 正在运行
[2026-03-04 16:40:01] 正常：容器 lnmp_php 正在运行
[2026-03-04 16:40:01] 正常：容器 lnmp_nginx 正在运行
[2026-03-04 16:40:01] ========== 监控检查结束 ==========
[2026-03-04 16:45:01] ========== 开始监控检查 ==========
[2026-03-04 16:45:01] 正常：容器 lnmp_mysql 正在运行
[2026-03-04 16:45:01] 正常：容器 lnmp_php 正在运行
[2026-03-04 16:45:01] 正常：容器 lnmp_nginx 正在运行
[2026-03-04 16:45:01] ========== 监控检查结束 ==========
[2026-03-04 16:50:02] ========== 开始监控检查 ==========
[2026-03-04 16:50:02] 正常：容器 lnmp_mysql 正在运行
[2026-03-04 16:50:02] 正常：容器 lnmp_php 正在运行
[2026-03-04 16:50:02] 正常：容器 lnmp_nginx 正在运行
[2026-03-04 16:50:02] ========== 监控检查结束 ==========
[2026-03-04 16:55:01] ========== 开始监控检查 ==========
[2026-03-04 16:55:01] 正常：容器 lnmp_mysql 正在运行
[2026-03-04 16:55:02] 正常：容器 lnmp_php 正在运行
[2026-03-04 16:55:02] 正常：容器 lnmp_nginx 正在运行
[2026-03-04 16:55:02] ========== 监控检查结束 ==========
[2026-03-04 17:00:01] ========== 开始监控检查 ==========
[2026-03-04 17:00:01] 正常：容器 lnmp_mysql 正在运行
[2026-03-04 17:00:01] 正常：容器 lnmp_php 正在运行
[2026-03-04 17:00:01] 正常：容器 lnmp_nginx 正在运行
[2026-03-04 17:00:01] ========== 监控检查结束 ==========
[2026-03-04 17:05:01] ========== 开始监控检查 ==========
[2026-03-04 17:05:01] 正常：容器 lnmp_mysql 正在运行
[2026-03-04 17:05:02] 正常：容器 lnmp_php 正在运行
[2026-03-04 17:05:02] 正常：容器 lnmp_nginx 正在运行
[2026-03-04 17:05:02] ========== 监控检查结束 ==========
[2026-03-04 17:10:01] ========== 开始监控检查 ==========
[2026-03-04 17:10:01] 正常：容器 lnmp_mysql 正在运行
[2026-03-04 17:10:01] 正常：容器 lnmp_php 正在运行
[2026-03-04 17:10:01] 正常：容器 lnmp_nginx 正在运行
[2026-03-04 17:10:01] ========== 监控检查结束 ==========
[2026-03-04 17:15:01] ========== 开始监控检查 ==========
[2026-03-04 17:15:01] 正常：容器 lnmp_mysql 正在运行
[2026-03-04 17:15:01] 正常：容器 lnmp_php 正在运行
[2026-03-04 17:15:01] 正常：容器 lnmp_nginx 正在运行
[2026-03-04 17:15:01] ========== 监控检查结束 ==========
[2026-03-04 17:20:02] ========== 开始监控检查 ==========
[2026-03-04 17:20:02] 正常：容器 lnmp_mysql 正在运行
[2026-03-04 17:20:02] 正常：容器 lnmp_php 正在运行
[2026-03-04 17:20:02] 正常：容器 lnmp_nginx 正在运行
[2026-03-04 17:20:02] ========== 监控检查结束 ==========
[2026-03-04 17:25:01] ========== 开始监控检查 ==========
[2026-03-04 17:25:01] 正常：容器 lnmp_mysql 正在运行
[2026-03-04 17:25:01] 正常：容器 lnmp_php 正在运行
[2026-03-04 17:25:01] 正常：容器 lnmp_nginx 正在运行
[2026-03-04 17:25:01] ========== 监控检查结束 ==========
[2026-03-04 17:30:01] ========== 开始监控检查 ==========
[2026-03-04 17:30:01] 正常：容器 lnmp_mysql 正在运行
[2026-03-04 17:30:02] 正常：容器 lnmp_php 正在运行
[2026-03-04 17:30:02] 正常：容器 lnmp_nginx 正在运行
[2026-03-04 17:30:02] ========== 监控检查结束 ==========
[2026-03-04 17:35:01] ========== 开始监控检查 ==========
[2026-03-04 17:35:01] 正常：容器 lnmp_mysql 正在运行
[2026-03-04 17:35:01] 正常：容器 lnmp_php 正在运行
[2026-03-04 17:35:01] 正常：容器 lnmp_nginx 正在运行
[2026-03-04 17:35:01] ========== 监控检查结束 ==========
[2026-03-04 17:40:01] ========== 开始监控检查 ==========
[2026-03-04 17:40:01] 正常：容器 lnmp_mysql 正在运行
[2026-03-04 17:40:01] 正常：容器 lnmp_php 正在运行
[2026-03-04 17:40:02] 正常：容器 lnmp_nginx 正在运行
[2026-03-04 17:40:02] ========== 监控检查结束 ==========
[2026-03-04 17:45:01] ========== 开始监控检查 ==========
[2026-03-04 17:45:01] 正常：容器 lnmp_mysql 正在运行
[2026-03-04 17:45:01] 正常：容器 lnmp_php 正在运行
[2026-03-04 17:45:01] 正常：容器 lnmp_nginx 正在运行
[2026-03-04 17:45:01] ========== 监控检查结束 ==========
[2026-03-04 17:50:01] ========== 开始监控检查 ==========
[2026-03-04 17:50:01] 正常：容器 lnmp_mysql 正在运行
[2026-03-04 17:50:01] 正常：容器 lnmp_php 正在运行
[2026-03-04 17:50:01] 正常：容器 lnmp_nginx 正在运行
[2026-03-04 17:50:01] ========== 监控检查结束 ==========
[2026-03-04 17:55:01] ========== 开始监控检查 ==========
[2026-03-04 17:55:02] 正常：容器 lnmp_mysql 正在运行
[2026-03-04 17:55:02] 正常：容器 lnmp_php 正在运行
[2026-03-04 17:55:02] 正常：容器 lnmp_nginx 正在运行
[2026-03-04 17:55:02] ========== 监控检查结束 ==========
[2026-03-04 18:00:01] ========== 开始监控检查 ==========
[2026-03-04 18:00:01] 正常：容器 lnmp_mysql 正在运行
[2026-03-04 18:00:01] 正常：容器 lnmp_php 正在运行
[2026-03-04 18:00:01] 正常：容器 lnmp_nginx 正在运行
[2026-03-04 18:00:01] ========== 监控检查结束 ==========
[2026-03-04 18:05:01] ========== 开始监控检查 ==========
[2026-03-04 18:05:01] 正常：容器 lnmp_mysql 正在运行
[2026-03-04 18:05:02] 正常：容器 lnmp_php 正在运行
[2026-03-04 18:05:02] 正常：容器 lnmp_nginx 正在运行
[2026-03-04 18:05:02] ========== 监控检查结束 ==========
[2026-03-04 18:10:01] ========== 开始监控检查 ==========
[2026-03-04 18:10:01] 正常：容器 lnmp_mysql 正在运行
[2026-03-04 18:10:01] 正常：容器 lnmp_php 正在运行
[2026-03-04 18:10:01] 正常：容器 lnmp_nginx 正在运行
[2026-03-04 18:10:01] ========== 监控检查结束 ==========
[2026-03-04 18:15:01] ========== 开始监控检查 ==========
[2026-03-04 18:15:01] 正常：容器 lnmp_mysql 正在运行
[2026-03-04 18:15:01] 正常：容器 lnmp_php 正在运行
[2026-03-04 18:15:02] 正常：容器 lnmp_nginx 正在运行
[2026-03-04 18:15:02] ========== 监控检查结束 ==========
[2026-03-04 18:20:01] ========== 开始监控检查 ==========
[2026-03-04 18:20:01] 正常：容器 lnmp_mysql 正在运行
[2026-03-04 18:20:01] 正常：容器 lnmp_php 正在运行
[2026-03-04 18:20:01] 正常：容器 lnmp_nginx 正在运行
[2026-03-04 18:20:01] ========== 监控检查结束 ==========
[2026-03-04 18:25:01] ========== 开始监控检查 ==========
[2026-03-04 18:25:01] 正常：容器 lnmp_mysql 正在运行
[2026-03-04 18:25:01] 正常：容器 lnmp_php 正在运行
[2026-03-04 18:25:01] 正常：容器 lnmp_nginx 正在运行
[2026-03-04 18:25:01] ========== 监控检查结束 ==========
[2026-03-04 18:30:01] ========== 开始监控检查 ==========
[2026-03-04 18:30:02] 正常：容器 lnmp_mysql 正在运行
[2026-03-04 18:30:02] 正常：容器 lnmp_php 正在运行
[2026-03-04 18:30:02] 正常：容器 lnmp_nginx 正在运行
[2026-03-04 18:30:02] ========== 监控检查结束 ==========
[2026-03-04 18:35:01] ========== 开始监控检查 ==========
[2026-03-04 18:35:01] 正常：容器 lnmp_mysql 正在运行
[2026-03-04 18:35:01] 正常：容器 lnmp_php 正在运行
[2026-03-04 18:35:01] 正常：容器 lnmp_nginx 正在运行
[2026-03-04 18:35:01] ========== 监控检查结束 ==========
[2026-03-04 18:40:01] ========== 开始监控检查 ==========
[2026-03-04 18:40:01] 正常：容器 lnmp_mysql 正在运行
[2026-03-04 18:40:01] 正常：容器 lnmp_php 正在运行
[2026-03-04 18:40:02] 正常：容器 lnmp_nginx 正在运行
[2026-03-04 18:40:02] ========== 监控检查结束 ==========
[2026-03-04 18:45:01] ========== 开始监控检查 ==========
[2026-03-04 18:45:01] 正常：容器 lnmp_mysql 正在运行
[2026-03-04 18:45:01] 正常：容器 lnmp_php 正在运行
[2026-03-04 18:45:01] 正常：容器 lnmp_nginx 正在运行
[2026-03-04 18:45:01] ========== 监控检查结束 ==========
[2026-03-04 18:50:01] ========== 开始监控检查 ==========
[2026-03-04 18:50:01] 正常：容器 lnmp_mysql 正在运行
[2026-03-04 18:50:01] 正常：容器 lnmp_php 正在运行
[2026-03-04 18:50:01] 正常：容器 lnmp_nginx 正在运行
[2026-03-04 18:50:01] ========== 监控检查结束 ==========
[2026-03-04 18:55:02] ========== 开始监控检查 ==========
[2026-03-04 18:55:02] 正常：容器 lnmp_mysql 正在运行
[2026-03-04 18:55:02] 正常：容器 lnmp_php 正在运行
[2026-03-04 18:55:02] 正常：容器 lnmp_nginx 正在运行
[2026-03-04 18:55:02] ========== 监控检查结束 ==========
[2026-03-04 19:00:01] ========== 开始监控检查 ==========
[2026-03-04 19:00:01] 正常：容器 lnmp_mysql 正在运行
[2026-03-04 19:00:01] 正常：容器 lnmp_php 正在运行
[2026-03-04 19:00:01] 正常：容器 lnmp_nginx 正在运行
[2026-03-04 19:00:01] ========== 监控检查结束 ==========
[2026-03-04 19:05:02] ========== 开始监控检查 ==========
[2026-03-04 19:05:02] 正常：容器 lnmp_mysql 正在运行
[2026-03-04 19:05:02] 正常：容器 lnmp_php 正在运行
[2026-03-04 19:05:02] 正常：容器 lnmp_nginx 正在运行
[2026-03-04 19:05:02] ========== 监控检查结束 ==========
[2026-03-04 19:10:01] ========== 开始监控检查 ==========
[2026-03-04 19:10:01] 正常：容器 lnmp_mysql 正在运行
[2026-03-04 19:10:01] 正常：容器 lnmp_php 正在运行
[2026-03-04 19:10:01] 正常：容器 lnmp_nginx 正在运行
[2026-03-04 19:10:01] ========== 监控检查结束 ==========
[2026-03-04 19:15:01] ========== 开始监控检查 ==========
[2026-03-04 19:15:01] 正常：容器 lnmp_mysql 正在运行
[2026-03-04 19:15:02] 正常：容器 lnmp_php 正在运行
[2026-03-04 19:15:02] 正常：容器 lnmp_nginx 正在运行
[2026-03-04 19:15:02] ========== 监控检查结束 ==========
[2026-03-04 19:20:01] ========== 开始监控检查 ==========
[2026-03-04 19:20:01] 正常：容器 lnmp_mysql 正在运行
[2026-03-04 19:20:01] 正常：容器 lnmp_php 正在运行
[2026-03-04 19:20:01] 正常：容器 lnmp_nginx 正在运行
[2026-03-04 19:20:01] ========== 监控检查结束 ==========
[2026-03-04 19:25:01] ========== 开始监控检查 ==========
[2026-03-04 19:25:01] 正常：容器 lnmp_mysql 正在运行
[2026-03-04 19:25:01] 正常：容器 lnmp_php 正在运行
[2026-03-04 19:25:01] 正常：容器 lnmp_nginx 正在运行
[2026-03-04 19:25:01] ========== 监控检查结束 ==========
[2026-03-04 19:30:02] ========== 开始监控检查 ==========
[2026-03-04 19:30:02] 正常：容器 lnmp_mysql 正在运行
[2026-03-04 19:30:02] 正常：容器 lnmp_php 正在运行
[2026-03-04 19:30:02] 正常：容器 lnmp_nginx 正在运行
[2026-03-04 19:30:02] ========== 监控检查结束 ==========
[2026-03-04 19:35:01] ========== 开始监控检查 ==========
[2026-03-04 19:35:01] 正常：容器 lnmp_mysql 正在运行
[2026-03-04 19:35:01] 正常：容器 lnmp_php 正在运行
[2026-03-04 19:35:01] 正常：容器 lnmp_nginx 正在运行
[2026-03-04 19:35:01] ========== 监控检查结束 ==========
[2026-03-04 19:40:01] ========== 开始监控检查 ==========
[2026-03-04 19:40:01] 正常：容器 lnmp_mysql 正在运行
[2026-03-04 19:40:02] 正常：容器 lnmp_php 正在运行
[2026-03-04 19:40:02] 正常：容器 lnmp_nginx 正在运行
[2026-03-04 19:40:02] ========== 监控检查结束 ==========
[2026-03-04 19:45:01] ========== 开始监控检查 ==========
[2026-03-04 19:45:01] 正常：容器 lnmp_mysql 正在运行
[2026-03-04 19:45:01] 正常：容器 lnmp_php 正在运行
[2026-03-04 19:45:01] 正常：容器 lnmp_nginx 正在运行
[2026-03-04 19:45:01] ========== 监控检查结束 ==========
[2026-03-04 19:50:01] ========== 开始监控检查 ==========
[2026-03-04 19:50:01] 正常：容器 lnmp_mysql 正在运行
[2026-03-04 19:50:01] 正常：容器 lnmp_php 正在运行
[2026-03-04 19:50:01] 正常：容器 lnmp_nginx 正在运行
[2026-03-04 19:50:01] ========== 监控检查结束 ==========
[2026-03-04 19:55:02] ========== 开始监控检查 ==========
[2026-03-04 19:55:02] 正常：容器 lnmp_mysql 正在运行
[2026-03-04 19:55:02] 正常：容器 lnmp_php 正在运行
[2026-03-04 19:55:02] 正常：容器 lnmp_nginx 正在运行
[2026-03-04 19:55:02] ========== 监控检查结束 ==========
[2026-03-04 20:00:01] ========== 开始监控检查 ==========
[2026-03-04 20:00:01] 正常：容器 lnmp_mysql 正在运行
[2026-03-04 20:00:01] 正常：容器 lnmp_php 正在运行
[2026-03-04 20:00:01] 正常：容器 lnmp_nginx 正在运行
[2026-03-04 20:00:01] ========== 监控检查结束 ==========
[2026-03-04 20:05:02] ========== 开始监控检查 ==========
[2026-03-04 20:05:02] 正常：容器 lnmp_mysql 正在运行
[2026-03-04 20:05:02] 正常：容器 lnmp_php 正在运行
[2026-03-04 20:05:02] 正常：容器 lnmp_nginx 正在运行
[2026-03-04 20:05:02] ========== 监控检查结束 ==========
[2026-03-04 20:10:01] ========== 开始监控检查 ==========
[2026-03-04 20:10:01] 正常：容器 lnmp_mysql 正在运行
[2026-03-04 20:10:01] 正常：容器 lnmp_php 正在运行
[2026-03-04 20:10:01] 正常：容器 lnmp_nginx 正在运行
[2026-03-04 20:10:01] ========== 监控检查结束 ==========
[2026-03-04 20:15:01] ========== 开始监控检查 ==========
[2026-03-04 20:15:01] 正常：容器 lnmp_mysql 正在运行
[2026-03-04 20:15:02] 正常：容器 lnmp_php 正在运行
[2026-03-04 20:15:02] 正常：容器 lnmp_nginx 正在运行
[2026-03-04 20:15:02] ========== 监控检查结束 ==========
[2026-03-04 20:20:01] ========== 开始监控检查 ==========
[2026-03-04 20:20:01] 正常：容器 lnmp_mysql 正在运行
[2026-03-04 20:20:01] 正常：容器 lnmp_php 正在运行
[2026-03-04 20:20:01] 正常：容器 lnmp_nginx 正在运行
[2026-03-04 20:20:01] ========== 监控检查结束 ==========
[2026-03-04 20:25:01] ========== 开始监控检查 ==========
[2026-03-04 20:25:01] 正常：容器 lnmp_mysql 正在运行
[2026-03-04 20:25:01] 正常：容器 lnmp_php 正在运行
[2026-03-04 20:25:01] 正常：容器 lnmp_nginx 正在运行
[2026-03-04 20:25:01] ========== 监控检查结束 ==========
[2026-03-04 20:30:02] ========== 开始监控检查 ==========
[2026-03-04 20:30:02] 正常：容器 lnmp_mysql 正在运行
[2026-03-04 20:30:02] 正常：容器 lnmp_php 正在运行
[2026-03-04 20:30:02] 正常：容器 lnmp_nginx 正在运行
[2026-03-04 20:30:02] ========== 监控检查结束 ==========
[2026-03-04 20:35:01] ========== 开始监控检查 ==========
[2026-03-04 20:35:01] 正常：容器 lnmp_mysql 正在运行
[2026-03-04 20:35:01] 正常：容器 lnmp_php 正在运行
[2026-03-04 20:35:01] 正常：容器 lnmp_nginx 正在运行
[2026-03-04 20:35:01] ========== 监控检查结束 ==========
[2026-03-04 20:40:01] ========== 开始监控检查 ==========
[2026-03-04 20:40:01] 正常：容器 lnmp_mysql 正在运行
[2026-03-04 20:40:02] 正常：容器 lnmp_php 正在运行
[2026-03-04 20:40:02] 正常：容器 lnmp_nginx 正在运行
[2026-03-04 20:40:02] ========== 监控检查结束 ==========
[2026-03-04 20:45:01] ========== 开始监控检查 ==========
[2026-03-04 20:45:01] 正常：容器 lnmp_mysql 正在运行
[2026-03-04 20:45:01] 正常：容器 lnmp_php 正在运行
[2026-03-04 20:45:01] 正常：容器 lnmp_nginx 正在运行
[2026-03-04 20:45:01] ========== 监控检查结束 ==========
[2026-03-04 20:50:01] ========== 开始监控检查 ==========
[2026-03-04 20:50:01] 正常：容器 lnmp_mysql 正在运行
[2026-03-04 20:50:01] 正常：容器 lnmp_php 正在运行
[2026-03-04 20:50:01] 正常：容器 lnmp_nginx 正在运行
[2026-03-04 20:50:02] ========== 监控检查结束 ==========
[2026-03-05 16:30:02] ========== 开始监控检查 ==========
[2026-03-05 16:30:02] 正常：容器 lnmp_mysql 正在运行
[2026-03-05 16:30:02] 正常：容器 lnmp_php 正在运行
[2026-03-05 16:30:02] 正常：容器 lnmp_nginx 正在运行
[2026-03-05 16:30:02] ========== 监控检查结束 ==========
[2026-03-05 16:35:01] ========== 开始监控检查 ==========
[2026-03-05 16:35:01] 正常：容器 lnmp_mysql 正在运行
[2026-03-05 16:35:01] 正常：容器 lnmp_php 正在运行
[2026-03-05 16:35:01] 正常：容器 lnmp_nginx 正在运行
[2026-03-05 16:35:01] ========== 监控检查结束 ==========
[2026-03-05 16:40:01] ========== 开始监控检查 ==========
[2026-03-05 16:40:01] 正常：容器 lnmp_mysql 正在运行
[2026-03-05 16:40:02] 正常：容器 lnmp_php 正在运行
[2026-03-05 16:40:02] 正常：容器 lnmp_nginx 正在运行
[2026-03-05 16:40:02] ========== 监控检查结束 ==========
[2026-03-05 16:45:01] ========== 开始监控检查 ==========
[2026-03-05 16:45:01] 正常：容器 lnmp_mysql 正在运行
[2026-03-05 16:45:01] 正常：容器 lnmp_php 正在运行
[2026-03-05 16:45:01] 正常：容器 lnmp_nginx 正在运行
[2026-03-05 16:45:01] ========== 监控检查结束 ==========
[2026-03-05 16:46:09] ========== 开始监控检查 ==========
[2026-03-05 16:46:09] 正常：容器 lnmp_mysql 正在运行
[2026-03-05 16:46:10] 正常：容器 lnmp_php 正在运行
[2026-03-05 16:46:10] 警告：容器 lnmp_nginx 未运行，尝试重启...
[2026-03-05 16:46:11] 成功重启容器 lnmp_nginx
[2026-03-05 16:46:11] ========== 监控检查结束 ==========
[2026-03-05 16:47:21] ========== 开始监控检查 ==========
[2026-03-05 16:47:21] 正常：容器 lnmp_mysql 正在运行
[2026-03-05 16:47:21] 正常：容器 lnmp_php 正在运行
[2026-03-05 16:47:21] 警告：容器 lnmp_nginx 未运行，尝试重启...
[2026-03-05 16:47:25] 成功重启容器 lnmp_nginx
[2026-03-05 16:47:25] ========== 监控检查结束 ==========
[2026-03-05 16:50:01] ========== 开始监控检查 ==========
[2026-03-05 16:50:01] 正常：容器 lnmp_mysql 正在运行
[2026-03-05 16:50:01] 正常：容器 lnmp_php 正在运行
[2026-03-05 16:50:02] 正常：容器 lnmp_nginx 正在运行
[2026-03-05 16:50:02] ========== 监控检查结束 ==========
[2026-03-15 21:20:01] ========== 开始监控检查 ==========
[2026-03-15 21:20:02] 正常：容器 lnmp_mysql 正在运行
[2026-03-15 21:20:02] 正常：容器 lnmp_php 正在运行
[2026-03-15 21:20:02] 正常：容器 lnmp_nginx 正在运行
[2026-03-15 21:20:02] ========== 监控检查结束 ==========
[2026-03-15 21:25:01] ========== 开始监控检查 ==========
[2026-03-15 21:25:01] 正常：容器 lnmp_mysql 正在运行
[2026-03-15 21:25:02] 正常：容器 lnmp_php 正在运行
[2026-03-15 21:25:02] 正常：容器 lnmp_nginx 正在运行
[2026-03-15 21:25:02] ========== 监控检查结束 ==========
[2026-03-15 21:30:01] ========== 开始监控检查 ==========
[2026-03-15 21:30:01] 正常：容器 lnmp_mysql 正在运行
[2026-03-15 21:30:01] 正常：容器 lnmp_php 正在运行
[2026-03-15 21:30:01] 正常：容器 lnmp_nginx 正在运行
[2026-03-15 21:30:01] ========== 监控检查结束 ==========
[2026-03-15 21:35:01] ========== 开始监控检查 ==========
[2026-03-15 21:35:01] 正常：容器 lnmp_mysql 正在运行
[2026-03-15 21:35:01] 正常：容器 lnmp_php 正在运行
[2026-03-15 21:35:01] 警告：容器 lnmp_nginx 未运行，尝试重启...
[2026-03-15 21:35:02] 成功重启容器 lnmp_nginx
[2026-03-15 21:35:02] ========== 监控检查结束 ==========
[2026-03-15 21:40:01] ========== 开始监控检查 ==========
[2026-03-15 21:40:01] 正常：容器 lnmp_mysql 正在运行
[2026-03-15 21:40:01] 正常：容器 lnmp_php 正在运行
[2026-03-15 21:40:01] 正常：容器 lnmp_nginx 正在运行
[2026-03-15 21:40:01] ========== 监控检查结束 ==========
[2026-03-15 21:45:02] ========== 开始监控检查 ==========
[2026-03-15 21:45:02] 正常：容器 lnmp_mysql 正在运行
[2026-03-15 21:45:02] 正常：容器 lnmp_php 正在运行
[2026-03-15 21:45:02] 正常：容器 lnmp_nginx 正在运行
[2026-03-15 21:45:02] ========== 监控检查结束 ==========
[2026-03-15 21:50:01] ========== 开始监控检查 ==========
[2026-03-15 21:50:01] 正常：容器 lnmp_mysql 正在运行
[2026-03-15 21:50:01] 正常：容器 lnmp_php 正在运行
[2026-03-15 21:50:01] 正常：容器 lnmp_nginx 正在运行
[2026-03-15 21:50:01] ========== 监控检查结束 ==========
[2026-03-15 21:55:01] ========== 开始监控检查 ==========
[2026-03-15 21:55:02] 正常：容器 lnmp_mysql 正在运行
[2026-03-15 21:55:02] 正常：容器 lnmp_php 正在运行
[2026-03-15 21:55:02] 正常：容器 lnmp_nginx 正在运行
[2026-03-15 21:55:02] ========== 监控检查结束 ==========
[2026-03-15 22:00:01] ========== 开始监控检查 ==========
[2026-03-15 22:00:01] 正常：容器 lnmp_mysql 正在运行
[2026-03-15 22:00:01] 正常：容器 lnmp_php 正在运行
[2026-03-15 22:00:01] 正常：容器 lnmp_nginx 正在运行
[2026-03-15 22:00:01] ========== 监控检查结束 ==========
[2026-03-15 22:05:01] ========== 开始监控检查 ==========
[2026-03-15 22:05:01] 正常：容器 lnmp_mysql 正在运行
[2026-03-15 22:05:01] 正常：容器 lnmp_php 正在运行
[2026-03-15 22:05:02] 正常：容器 lnmp_nginx 正在运行
[2026-03-15 22:05:02] ========== 监控检查结束 ==========
[2026-03-15 22:10:01] ========== 开始监控检查 ==========
[2026-03-15 22:10:01] 警告：容器 lnmp_mysql 未运行，尝试重启...
[2026-03-15 22:10:01] 成功重启容器 lnmp_mysql
[2026-03-15 22:10:01] 警告：容器 lnmp_php 未运行，尝试重启...
[2026-03-15 22:10:02] 成功重启容器 lnmp_php
[2026-03-15 22:10:02] 警告：容器 lnmp_nginx 未运行，尝试重启...
[2026-03-15 22:10:03] 成功重启容器 lnmp_nginx
[2026-03-15 22:10:03] ========== 监控检查结束 ==========
[2026-03-17 15:25:02] ========== 开始监控检查 ==========
[2026-03-17 15:25:15] 正常：容器 lnmp_mysql 正在运行
[2026-03-17 15:25:15] 正常：容器 lnmp_php 正在运行
[2026-03-17 15:25:15] 正常：容器 lnmp_nginx 正在运行
[2026-03-17 15:25:15] ========== 监控检查结束 ==========
[2026-03-17 15:30:02] ========== 开始监控检查 ==========
[2026-03-17 15:30:02] 正常：容器 lnmp_mysql 正在运行
[2026-03-17 15:30:02] 正常：容器 lnmp_php 正在运行
[2026-03-17 15:30:02] 正常：容器 lnmp_nginx 正在运行
[2026-03-17 15:30:02] ========== 监控检查结束 ==========
[2026-03-17 15:35:01] ========== 开始监控检查 ==========
[2026-03-17 15:35:01] 正常：容器 lnmp_mysql 正在运行
[2026-03-17 15:35:01] 正常：容器 lnmp_php 正在运行
[2026-03-17 15:35:01] 正常：容器 lnmp_nginx 正在运行
[2026-03-17 15:35:01] ========== 监控检查结束 ==========
[2026-03-17 15:40:01] ========== 开始监控检查 ==========
[2026-03-17 15:40:01] 正常：容器 lnmp_mysql 正在运行
[2026-03-17 15:40:01] 正常：容器 lnmp_php 正在运行
[2026-03-17 15:40:01] 正常：容器 lnmp_nginx 正在运行
[2026-03-17 15:40:01] ========== 监控检查结束 ==========
[2026-03-17 15:45:02] ========== 开始监控检查 ==========
[2026-03-17 15:45:02] 正常：容器 lnmp_mysql 正在运行
[2026-03-17 15:45:02] 正常：容器 lnmp_php 正在运行
[2026-03-17 15:45:02] 正常：容器 lnmp_nginx 正在运行
[2026-03-17 15:45:02] ========== 监控检查结束 ==========
[2026-03-17 15:50:01] ========== 开始监控检查 ==========
[2026-03-17 15:50:01] 正常：容器 lnmp_mysql 正在运行
[2026-03-17 15:50:01] 正常：容器 lnmp_php 正在运行
[2026-03-17 15:50:01] 正常：容器 lnmp_nginx 正在运行
[2026-03-17 15:50:01] ========== 监控检查结束 ==========
[2026-03-17 15:55:01] ========== 开始监控检查 ==========
[2026-03-17 15:55:01] 正常：容器 lnmp_mysql 正在运行
[2026-03-17 15:55:01] 正常：容器 lnmp_php 正在运行
[2026-03-17 15:55:01] 正常：容器 lnmp_nginx 正在运行
[2026-03-17 15:55:01] ========== 监控检查结束 ==========
[2026-03-17 16:00:01] ========== 开始监控检查 ==========
[2026-03-17 16:00:02] 正常：容器 lnmp_mysql 正在运行
[2026-03-17 16:00:02] 正常：容器 lnmp_php 正在运行
[2026-03-17 16:00:03] 正常：容器 lnmp_nginx 正在运行
[2026-03-17 16:00:03] ========== 监控检查结束 ==========
[2026-03-17 16:05:01] ========== 开始监控检查 ==========
[2026-03-17 16:05:01] 正常：容器 lnmp_mysql 正在运行
[2026-03-17 16:05:01] 正常：容器 lnmp_php 正在运行
[2026-03-17 16:05:01] 正常：容器 lnmp_nginx 正在运行
[2026-03-17 16:05:01] ========== 监控检查结束 ==========
[2026-03-17 16:10:02] ========== 开始监控检查 ==========
[2026-03-17 16:10:02] 正常：容器 lnmp_mysql 正在运行
[2026-03-17 16:10:02] 正常：容器 lnmp_php 正在运行
[2026-03-17 16:10:02] 正常：容器 lnmp_nginx 正在运行
[2026-03-17 16:10:02] ========== 监控检查结束 ==========
[2026-03-17 16:15:01] ========== 开始监控检查 ==========
[2026-03-17 16:15:01] 正常：容器 lnmp_mysql 正在运行
[2026-03-17 16:15:01] 正常：容器 lnmp_php 正在运行
[2026-03-17 16:15:01] 正常：容器 lnmp_nginx 正在运行
[2026-03-17 16:15:01] ========== 监控检查结束 ==========
[2026-03-17 16:20:01] ========== 开始监控检查 ==========
[2026-03-17 16:20:01] 正常：容器 lnmp_mysql 正在运行
[2026-03-17 16:20:01] 正常：容器 lnmp_php 正在运行
[2026-03-17 16:20:01] 正常：容器 lnmp_nginx 正在运行
[2026-03-17 16:20:01] ========== 监控检查结束 ==========
[2026-03-17 16:25:01] ========== 开始监控检查 ==========
[2026-03-17 16:25:02] 正常：容器 lnmp_mysql 正在运行
[2026-03-17 16:25:03] 正常：容器 lnmp_php 正在运行
[2026-03-17 16:25:04] 正常：容器 lnmp_nginx 正在运行
[2026-03-17 16:25:04] ========== 监控检查结束 ==========
[2026-03-17 16:30:01] ========== 开始监控检查 ==========
[2026-03-17 16:30:02] 正常：容器 lnmp_mysql 正在运行
[2026-03-17 16:30:03] 正常：容器 lnmp_php 正在运行
[2026-03-17 16:30:04] 正常：容器 lnmp_nginx 正在运行
[2026-03-17 16:30:04] ========== 监控检查结束 ==========
[2026-03-17 16:35:02] ========== 开始监控检查 ==========
[2026-03-17 16:35:02] 正常：容器 lnmp_mysql 正在运行
[2026-03-17 16:35:02] 正常：容器 lnmp_php 正在运行
[2026-03-17 16:35:02] 正常：容器 lnmp_nginx 正在运行
[2026-03-17 16:35:02] ========== 监控检查结束 ==========
[2026-03-17 16:40:01] ========== 开始监控检查 ==========
[2026-03-17 16:40:01] 正常：容器 lnmp_mysql 正在运行
[2026-03-17 16:40:01] 正常：容器 lnmp_php 正在运行
[2026-03-17 16:40:01] 正常：容器 lnmp_nginx 正在运行
[2026-03-17 16:40:01] ========== 监控检查结束 ==========
[2026-03-17 16:45:01] ========== 开始监控检查 ==========
[2026-03-17 16:45:03] 正常：容器 lnmp_mysql 正在运行
[2026-03-17 16:45:04] 正常：容器 lnmp_php 正在运行
[2026-03-17 16:45:04] 正常：容器 lnmp_nginx 正在运行
[2026-03-17 16:45:04] ========== 监控检查结束 ==========
[2026-03-17 16:50:01] ========== 开始监控检查 ==========
[2026-03-17 16:50:01] 正常：容器 lnmp_mysql 正在运行
[2026-03-17 16:50:04] 正常：容器 lnmp_php 正在运行
[2026-03-17 16:50:04] 正常：容器 lnmp_nginx 正在运行
[2026-03-17 16:50:04] ========== 监控检查结束 ==========
[2026-03-17 16:55:01] ========== 开始监控检查 ==========
[2026-03-17 16:55:01] 正常：容器 lnmp_mysql 正在运行
[2026-03-17 16:55:01] 正常：容器 lnmp_php 正在运行
[2026-03-17 16:55:01] 正常：容器 lnmp_nginx 正在运行
[2026-03-17 16:55:01] ========== 监控检查结束 ==========
[2026-03-17 17:00:01] ========== 开始监控检查 ==========
[2026-03-17 17:00:01] 正常：容器 lnmp_mysql 正在运行
[2026-03-17 17:00:01] 正常：容器 lnmp_php 正在运行
[2026-03-17 17:00:01] 正常：容器 lnmp_nginx 正在运行
[2026-03-17 17:00:01] ========== 监控检查结束 ==========
[2026-03-17 17:05:01] ========== 开始监控检查 ==========
[2026-03-17 17:05:01] 正常：容器 lnmp_mysql 正在运行
[2026-03-17 17:05:01] 正常：容器 lnmp_php 正在运行
[2026-03-17 17:05:01] 正常：容器 lnmp_nginx 正在运行
[2026-03-17 17:05:01] ========== 监控检查结束 ==========
[2026-03-17 17:10:01] ========== 开始监控检查 ==========
[2026-03-17 17:10:01] 正常：容器 lnmp_mysql 正在运行
[2026-03-17 17:10:01] 正常：容器 lnmp_php 正在运行
[2026-03-17 17:10:01] 正常：容器 lnmp_nginx 正在运行
[2026-03-17 17:10:01] ========== 监控检查结束 ==========
[2026-03-17 17:15:01] ========== 开始监控检查 ==========
[2026-03-17 17:15:02] 正常：容器 lnmp_mysql 正在运行
[2026-03-17 17:15:02] 正常：容器 lnmp_php 正在运行
[2026-03-17 17:15:02] 正常：容器 lnmp_nginx 正在运行
[2026-03-17 17:15:02] ========== 监控检查结束 ==========
[2026-03-17 17:20:01] ========== 开始监控检查 ==========
[2026-03-17 17:20:01] 正常：容器 lnmp_mysql 正在运行
[2026-03-17 17:20:01] 正常：容器 lnmp_php 正在运行
[2026-03-17 17:20:01] 正常：容器 lnmp_nginx 正在运行
[2026-03-17 17:20:01] ========== 监控检查结束 ==========
[2026-03-17 17:25:01] ========== 开始监控检查 ==========
[2026-03-17 17:25:01] 正常：容器 lnmp_mysql 正在运行
[2026-03-17 17:25:01] 正常：容器 lnmp_php 正在运行
[2026-03-17 17:25:01] 正常：容器 lnmp_nginx 正在运行
[2026-03-17 17:25:01] ========== 监控检查结束 ==========
[2026-03-17 17:30:02] ========== 开始监控检查 ==========
[2026-03-17 17:30:02] 正常：容器 lnmp_mysql 正在运行
[2026-03-17 17:30:02] 正常：容器 lnmp_php 正在运行
[2026-03-17 17:30:02] 正常：容器 lnmp_nginx 正在运行
[2026-03-17 17:30:02] ========== 监控检查结束 ==========
[2026-03-17 17:35:01] ========== 开始监控检查 ==========
[2026-03-17 17:35:01] 正常：容器 lnmp_mysql 正在运行
[2026-03-17 17:35:01] 正常：容器 lnmp_php 正在运行
[2026-03-17 17:35:01] 正常：容器 lnmp_nginx 正在运行
[2026-03-17 17:35:01] ========== 监控检查结束 ==========
[2026-03-17 17:40:01] ========== 开始监控检查 ==========
[2026-03-17 17:40:01] 正常：容器 lnmp_mysql 正在运行
[2026-03-17 17:40:01] 正常：容器 lnmp_php 正在运行
[2026-03-17 17:40:01] 正常：容器 lnmp_nginx 正在运行
[2026-03-17 17:40:01] ========== 监控检查结束 ==========
[2026-03-17 17:45:01] ========== 开始监控检查 ==========
[2026-03-17 17:45:02] 正常：容器 lnmp_mysql 正在运行
[2026-03-17 17:45:02] 正常：容器 lnmp_php 正在运行
[2026-03-17 17:45:02] 正常：容器 lnmp_nginx 正在运行
[2026-03-17 17:45:02] ========== 监控检查结束 ==========
[2026-03-17 17:50:01] ========== 开始监控检查 ==========
[2026-03-17 17:50:01] 正常：容器 lnmp_mysql 正在运行
[2026-03-17 17:50:01] 正常：容器 lnmp_php 正在运行
[2026-03-17 17:50:01] 正常：容器 lnmp_nginx 正在运行
[2026-03-17 17:50:01] ========== 监控检查结束 ==========
[2026-03-17 17:55:01] ========== 开始监控检查 ==========
[2026-03-17 17:55:01] 正常：容器 lnmp_mysql 正在运行
[2026-03-17 17:55:01] 正常：容器 lnmp_php 正在运行
[2026-03-17 17:55:01] 正常：容器 lnmp_nginx 正在运行
[2026-03-17 17:55:02] ========== 监控检查结束 ==========
[2026-03-17 18:00:01] ========== 开始监控检查 ==========
[2026-03-17 18:00:01] 正常：容器 lnmp_mysql 正在运行
[2026-03-17 18:00:01] 正常：容器 lnmp_php 正在运行
[2026-03-17 18:00:01] 正常：容器 lnmp_nginx 正在运行
[2026-03-17 18:00:01] ========== 监控检查结束 ==========
[2026-03-17 18:05:01] ========== 开始监控检查 ==========
[2026-03-17 18:05:01] 正常：容器 lnmp_mysql 正在运行
[2026-03-17 18:05:01] 正常：容器 lnmp_php 正在运行
[2026-03-17 18:05:02] 正常：容器 lnmp_nginx 正在运行
[2026-03-17 18:05:02] ========== 监控检查结束 ==========
[2026-03-17 18:10:01] ========== 开始监控检查 ==========
[2026-03-17 18:10:01] 正常：容器 lnmp_mysql 正在运行
[2026-03-17 18:10:01] 正常：容器 lnmp_php 正在运行
[2026-03-17 18:10:01] 正常：容器 lnmp_nginx 正在运行
[2026-03-17 18:10:01] ========== 监控检查结束 ==========
[2026-03-17 18:15:01] ========== 开始监控检查 ==========
[2026-03-17 18:15:01] 正常：容器 lnmp_mysql 正在运行
[2026-03-17 18:15:01] 正常：容器 lnmp_php 正在运行
[2026-03-17 18:15:01] 正常：容器 lnmp_nginx 正在运行
[2026-03-17 18:15:01] ========== 监控检查结束 ==========
[2026-03-17 18:20:01] ========== 开始监控检查 ==========
[2026-03-17 18:20:02] 正常：容器 lnmp_mysql 正在运行
[2026-03-17 18:20:02] 正常：容器 lnmp_php 正在运行
[2026-03-17 18:20:02] 正常：容器 lnmp_nginx 正在运行
[2026-03-17 18:20:02] ========== 监控检查结束 ==========
[2026-03-17 18:25:01] ========== 开始监控检查 ==========
[2026-03-17 18:25:01] 正常：容器 lnmp_mysql 正在运行
[2026-03-17 18:25:01] 正常：容器 lnmp_php 正在运行
[2026-03-17 18:25:01] 正常：容器 lnmp_nginx 正在运行
[2026-03-17 18:25:01] ========== 监控检查结束 ==========
[2026-03-17 18:30:01] ========== 开始监控检查 ==========
[2026-03-17 18:30:01] 正常：容器 lnmp_mysql 正在运行
[2026-03-17 18:30:01] 正常：容器 lnmp_php 正在运行
[2026-03-17 18:30:01] 正常：容器 lnmp_nginx 正在运行
[2026-03-17 18:30:01] ========== 监控检查结束 ==========
[2026-03-17 18:35:01] ========== 开始监控检查 ==========
[2026-03-17 18:35:02] 正常：容器 lnmp_mysql 正在运行
[2026-03-17 18:35:02] 正常：容器 lnmp_php 正在运行
[2026-03-17 18:35:02] 正常：容器 lnmp_nginx 正在运行
[2026-03-17 18:35:02] ========== 监控检查结束 ==========
[2026-03-17 18:40:01] ========== 开始监控检查 ==========
[2026-03-17 18:40:01] 正常：容器 lnmp_mysql 正在运行
[2026-03-17 18:40:01] 正常：容器 lnmp_php 正在运行
[2026-03-17 18:40:01] 正常：容器 lnmp_nginx 正在运行
[2026-03-17 18:40:01] ========== 监控检查结束 ==========
[2026-03-17 18:45:01] ========== 开始监控检查 ==========
[2026-03-17 18:45:01] 正常：容器 lnmp_mysql 正在运行
[2026-03-17 18:45:02] 正常：容器 lnmp_php 正在运行
[2026-03-17 18:45:02] 正常：容器 lnmp_nginx 正在运行
[2026-03-17 18:45:02] ========== 监控检查结束 ==========
[2026-03-17 18:50:01] ========== 开始监控检查 ==========
[2026-03-17 18:50:01] 正常：容器 lnmp_mysql 正在运行
[2026-03-17 18:50:01] 正常：容器 lnmp_php 正在运行
[2026-03-17 18:50:01] 正常：容器 lnmp_nginx 正在运行
[2026-03-17 18:50:01] ========== 监控检查结束 ==========
[2026-03-17 18:55:01] ========== 开始监控检查 ==========
[2026-03-17 18:55:01] 正常：容器 lnmp_mysql 正在运行
[2026-03-17 18:55:01] 正常：容器 lnmp_php 正在运行
[2026-03-17 18:55:02] 正常：容器 lnmp_nginx 正在运行
[2026-03-17 18:55:02] ========== 监控检查结束 ==========
[2026-03-17 21:00:07] ========== 开始监控检查 ==========
[2026-03-17 21:00:07] 正常：容器 lnmp_mysql 正在运行
[2026-03-17 21:00:07] 正常：容器 lnmp_php 正在运行
[2026-03-17 21:00:07] 正常：容器 lnmp_nginx 正在运行
[2026-03-17 21:00:08] ========== 监控检查结束 ==========
[2026-03-17 21:05:01] ========== 开始监控检查 ==========
[2026-03-17 21:05:01] 正常：容器 lnmp_mysql 正在运行
[2026-03-17 21:05:01] 正常：容器 lnmp_php 正在运行
[2026-03-17 21:05:01] 正常：容器 lnmp_nginx 正在运行
[2026-03-17 21:05:01] ========== 监控检查结束 ==========
[2026-03-17 21:10:01] ========== 开始监控检查 ==========
[2026-03-17 21:10:01] 正常：容器 lnmp_mysql 正在运行
[2026-03-17 21:10:01] 正常：容器 lnmp_php 正在运行
[2026-03-17 21:10:01] 正常：容器 lnmp_nginx 正在运行
[2026-03-17 21:10:01] ========== 监控检查结束 ==========
[2026-03-17 21:15:02] ========== 开始监控检查 ==========
[2026-03-17 21:15:02] 正常：容器 lnmp_mysql 正在运行
[2026-03-17 21:15:02] 正常：容器 lnmp_php 正在运行
[2026-03-17 21:15:02] 正常：容器 lnmp_nginx 正在运行
[2026-03-17 21:15:02] ========== 监控检查结束 ==========
[2026-03-17 21:20:01] ========== 开始监控检查 ==========
[2026-03-17 21:20:01] 正常：容器 lnmp_mysql 正在运行
[2026-03-17 21:20:01] 正常：容器 lnmp_php 正在运行
[2026-03-17 21:20:01] 正常：容器 lnmp_nginx 正在运行
[2026-03-17 21:20:01] ========== 监控检查结束 ==========
[2026-03-17 21:25:01] ========== 开始监控检查 ==========
[2026-03-17 21:25:02] 正常：容器 lnmp_mysql 正在运行
[2026-03-17 21:25:02] 正常：容器 lnmp_php 正在运行
[2026-03-17 21:25:02] 正常：容器 lnmp_nginx 正在运行
[2026-03-17 21:25:02] ========== 监控检查结束 ==========
[2026-03-17 21:30:01] ========== 开始监控检查 ==========
[2026-03-17 21:30:01] 正常：容器 lnmp_mysql 正在运行
[2026-03-17 21:30:01] 正常：容器 lnmp_php 正在运行
[2026-03-17 21:30:01] 正常：容器 lnmp_nginx 正在运行
[2026-03-17 21:30:01] ========== 监控检查结束 ==========
[2026-03-17 21:35:01] ========== 开始监控检查 ==========
[2026-03-17 21:35:01] 正常：容器 lnmp_mysql 正在运行
[2026-03-17 21:35:01] 正常：容器 lnmp_php 正在运行
[2026-03-17 21:35:01] 正常：容器 lnmp_nginx 正在运行
[2026-03-17 21:35:01] ========== 监控检查结束 ==========
[2026-03-17 21:40:01] ========== 开始监控检查 ==========
[2026-03-17 21:40:01] 正常：容器 lnmp_mysql 正在运行
[2026-03-17 21:40:01] 正常：容器 lnmp_php 正在运行
[2026-03-17 21:40:02] 正常：容器 lnmp_nginx 正在运行
[2026-03-17 21:40:02] ========== 监控检查结束 ==========
[2026-03-17 21:45:01] ========== 开始监控检查 ==========
[2026-03-17 21:45:01] 正常：容器 lnmp_mysql 正在运行
[2026-03-17 21:45:01] 正常：容器 lnmp_php 正在运行
[2026-03-17 21:45:01] 正常：容器 lnmp_nginx 正在运行
[2026-03-17 21:45:01] ========== 监控检查结束 ==========
[2026-03-17 21:50:01] ========== 开始监控检查 ==========
[2026-03-17 21:50:01] 正常：容器 lnmp_mysql 正在运行
[2026-03-17 21:50:01] 正常：容器 lnmp_php 正在运行
[2026-03-17 21:50:01] 正常：容器 lnmp_nginx 正在运行
[2026-03-17 21:50:01] ========== 监控检查结束 ==========
[2026-03-17 21:55:02] ========== 开始监控检查 ==========
[2026-03-17 21:55:02] 正常：容器 lnmp_mysql 正在运行
[2026-03-17 21:55:02] 正常：容器 lnmp_php 正在运行
[2026-03-17 21:55:02] 正常：容器 lnmp_nginx 正在运行
[2026-03-17 21:55:02] ========== 监控检查结束 ==========
[2026-03-17 22:00:01] ========== 开始监控检查 ==========
[2026-03-17 22:00:01] 正常：容器 lnmp_mysql 正在运行
[2026-03-17 22:00:01] 正常：容器 lnmp_php 正在运行
[2026-03-17 22:00:01] 正常：容器 lnmp_nginx 正在运行
[2026-03-17 22:00:01] ========== 监控检查结束 ==========
[2026-03-17 22:05:02] ========== 开始监控检查 ==========
[2026-03-17 22:05:02] 正常：容器 lnmp_mysql 正在运行
[2026-03-17 22:05:02] 正常：容器 lnmp_php 正在运行
[2026-03-17 22:05:02] 正常：容器 lnmp_nginx 正在运行
[2026-03-17 22:05:02] ========== 监控检查结束 ==========
[2026-03-17 22:20:25] ========== 开始监控检查 ==========
[2026-03-17 22:20:25] 正常：容器 lnmp_mysql 正在运行
[2026-03-17 22:20:25] 正常：容器 lnmp_php 正在运行
[2026-03-17 22:20:27] 正常：容器 lnmp_nginx 正在运行
[2026-03-17 22:20:27] ========== 监控检查结束 ==========
[2026-03-17 22:25:01] ========== 开始监控检查 ==========
[2026-03-17 22:25:01] 正常：容器 lnmp_mysql 正在运行
[2026-03-17 22:25:01] 正常：容器 lnmp_php 正在运行
[2026-03-17 22:25:01] 正常：容器 lnmp_nginx 正在运行
[2026-03-17 22:25:01] ========== 监控检查结束 ==========
[2026-03-17 22:30:01] ========== 开始监控检查 ==========
[2026-03-17 22:30:01] 正常：容器 lnmp_mysql 正在运行
[2026-03-17 22:30:02] 正常：容器 lnmp_php 正在运行
[2026-03-17 22:30:02] 正常：容器 lnmp_nginx 正在运行
[2026-03-17 22:30:02] ========== 监控检查结束 ==========
[2026-03-17 22:35:01] ========== 开始监控检查 ==========
[2026-03-17 22:35:01] 正常：容器 lnmp_mysql 正在运行
[2026-03-17 22:35:01] 正常：容器 lnmp_php 正在运行
[2026-03-17 22:35:01] 正常：容器 lnmp_nginx 正在运行
[2026-03-17 22:35:01] ========== 监控检查结束 ==========
[2026-03-17 22:40:01] ========== 开始监控检查 ==========
[2026-03-17 22:40:01] 正常：容器 lnmp_mysql 正在运行
[2026-03-17 22:40:01] 正常：容器 lnmp_php 正在运行
[2026-03-17 22:40:01] 正常：容器 lnmp_nginx 正在运行
[2026-03-17 22:40:01] ========== 监控检查结束 ==========
[2026-03-17 22:45:02] ========== 开始监控检查 ==========
[2026-03-17 22:45:02] 正常：容器 lnmp_mysql 正在运行
[2026-03-17 22:45:02] 正常：容器 lnmp_php 正在运行
[2026-03-17 22:45:02] 正常：容器 lnmp_nginx 正在运行
[2026-03-17 22:45:02] ========== 监控检查结束 ==========
[2026-03-17 22:50:01] ========== 开始监控检查 ==========
[2026-03-17 22:50:01] 正常：容器 lnmp_mysql 正在运行
[2026-03-17 22:50:01] 正常：容器 lnmp_php 正在运行
[2026-03-17 22:50:01] 正常：容器 lnmp_nginx 正在运行
[2026-03-17 22:50:01] ========== 监控检查结束 ==========
[2026-03-17 22:55:01] ========== 开始监控检查 ==========
[2026-03-17 22:55:01] 正常：容器 lnmp_mysql 正在运行
[2026-03-17 22:55:02] 正常：容器 lnmp_php 正在运行
[2026-03-17 22:55:02] 正常：容器 lnmp_nginx 正在运行
[2026-03-17 22:55:02] ========== 监控检查结束 ==========
[2026-03-17 23:00:01] ========== 开始监控检查 ==========
[2026-03-17 23:00:01] 正常：容器 lnmp_mysql 正在运行
[2026-03-17 23:00:01] 正常：容器 lnmp_php 正在运行
[2026-03-17 23:00:01] 正常：容器 lnmp_nginx 正在运行
[2026-03-17 23:00:01] ========== 监控检查结束 ==========
[2026-03-17 23:05:01] ========== 开始监控检查 ==========
[2026-03-17 23:05:01] 正常：容器 lnmp_mysql 正在运行
[2026-03-17 23:05:01] 正常：容器 lnmp_php 正在运行
[2026-03-17 23:05:02] 正常：容器 lnmp_nginx 正在运行
[2026-03-17 23:05:02] ========== 监控检查结束 ==========
[2026-03-17 23:10:01] ========== 开始监控检查 ==========
[2026-03-17 23:10:01] 正常：容器 lnmp_mysql 正在运行
[2026-03-17 23:10:01] 正常：容器 lnmp_php 正在运行
[2026-03-17 23:10:01] 正常：容器 lnmp_nginx 正在运行
[2026-03-17 23:10:01] ========== 监控检查结束 ==========
[2026-03-17 23:15:01] ========== 开始监控检查 ==========
[2026-03-17 23:15:01] 正常：容器 lnmp_mysql 正在运行
[2026-03-17 23:15:01] 正常：容器 lnmp_php 正在运行
[2026-03-17 23:15:01] 正常：容器 lnmp_nginx 正在运行
[2026-03-17 23:15:01] ========== 监控检查结束 ==========
[2026-03-17 23:20:01] ========== 开始监控检查 ==========
[2026-03-17 23:20:01] 正常：容器 lnmp_mysql 正在运行
[2026-03-17 23:20:02] 正常：容器 lnmp_php 正在运行
[2026-03-17 23:20:02] 正常：容器 lnmp_nginx 正在运行
[2026-03-17 23:20:02] ========== 监控检查结束 ==========
[2026-03-17 23:25:01] ========== 开始监控检查 ==========
[2026-03-17 23:25:01] 正常：容器 lnmp_mysql 正在运行
[2026-03-17 23:25:01] 正常：容器 lnmp_php 正在运行
[2026-03-17 23:25:01] 正常：容器 lnmp_nginx 正在运行
[2026-03-17 23:25:01] ========== 监控检查结束 ==========
[2026-03-17 23:30:01] ========== 开始监控检查 ==========
[2026-03-17 23:30:01] 正常：容器 lnmp_mysql 正在运行
[2026-03-17 23:30:01] 正常：容器 lnmp_php 正在运行
[2026-03-17 23:30:01] 正常：容器 lnmp_nginx 正在运行
[2026-03-17 23:30:01] ========== 监控检查结束 ==========
[2026-03-17 23:35:01] ========== 开始监控检查 ==========
[2026-03-17 23:35:02] 正常：容器 lnmp_mysql 正在运行
[2026-03-17 23:35:02] 正常：容器 lnmp_php 正在运行
[2026-03-17 23:35:02] 正常：容器 lnmp_nginx 正在运行
[2026-03-17 23:35:02] ========== 监控检查结束 ==========
[2026-03-17 23:40:01] ========== 开始监控检查 ==========
[2026-03-17 23:40:01] 正常：容器 lnmp_mysql 正在运行
[2026-03-17 23:40:01] 正常：容器 lnmp_php 正在运行
[2026-03-17 23:40:01] 正常：容器 lnmp_nginx 正在运行
[2026-03-17 23:40:01] ========== 监控检查结束 ==========
[2026-03-17 23:45:01] ========== 开始监控检查 ==========
[2026-03-17 23:45:01] 正常：容器 lnmp_mysql 正在运行
[2026-03-17 23:45:01] 正常：容器 lnmp_php 正在运行
[2026-03-17 23:45:01] 正常：容器 lnmp_nginx 正在运行
[2026-03-17 23:45:01] ========== 监控检查结束 ==========
[2026-03-17 23:50:02] ========== 开始监控检查 ==========
[2026-03-17 23:50:02] 正常：容器 lnmp_mysql 正在运行
[2026-03-17 23:50:02] 正常：容器 lnmp_php 正在运行
[2026-03-17 23:50:02] 正常：容器 lnmp_nginx 正在运行
[2026-03-17 23:50:02] ========== 监控检查结束 ==========
[2026-03-17 23:55:01] ========== 开始监控检查 ==========
[2026-03-17 23:55:01] 正常：容器 lnmp_mysql 正在运行
[2026-03-17 23:55:01] 正常：容器 lnmp_php 正在运行
[2026-03-17 23:55:01] 正常：容器 lnmp_nginx 正在运行
[2026-03-17 23:55:01] ========== 监控检查结束 ==========
[2026-03-18 00:00:01] ========== 开始监控检查 ==========
[2026-03-18 00:00:01] 正常：容器 lnmp_mysql 正在运行
[2026-03-18 00:00:01] 正常：容器 lnmp_php 正在运行
[2026-03-18 00:00:02] 正常：容器 lnmp_nginx 正在运行
[2026-03-18 00:00:02] ========== 监控检查结束 ==========
[2026-03-18 00:05:01] ========== 开始监控检查 ==========
[2026-03-18 00:05:01] 正常：容器 lnmp_mysql 正在运行
[2026-03-18 00:05:01] 正常：容器 lnmp_php 正在运行
[2026-03-18 00:05:01] 正常：容器 lnmp_nginx 正在运行
[2026-03-18 00:05:01] ========== 监控检查结束 ==========
[2026-03-18 00:10:02] ========== 开始监控检查 ==========
[2026-03-18 00:10:02] 正常：容器 lnmp_mysql 正在运行
[2026-03-18 00:10:02] 正常：容器 lnmp_php 正在运行
[2026-03-18 00:10:02] 正常：容器 lnmp_nginx 正在运行
[2026-03-18 00:10:02] ========== 监控检查结束 ==========
[2026-03-18 00:15:01] ========== 开始监控检查 ==========
[2026-03-18 00:15:01] 正常：容器 lnmp_mysql 正在运行
[2026-03-18 00:15:01] 正常：容器 lnmp_php 正在运行
[2026-03-18 00:15:01] 正常：容器 lnmp_nginx 正在运行
[2026-03-18 00:15:01] ========== 监控检查结束 ==========
[2026-03-18 00:20:01] ========== 开始监控检查 ==========
[2026-03-18 00:20:01] 正常：容器 lnmp_mysql 正在运行
[2026-03-18 00:20:01] 正常：容器 lnmp_php 正在运行
[2026-03-18 00:20:01] 正常：容器 lnmp_nginx 正在运行
[2026-03-18 00:20:02] ========== 监控检查结束 ==========
[2026-03-18 00:25:01] ========== 开始监控检查 ==========
[2026-03-18 00:25:01] 正常：容器 lnmp_mysql 正在运行
[2026-03-18 00:25:01] 正常：容器 lnmp_php 正在运行
[2026-03-18 00:25:01] 正常：容器 lnmp_nginx 正在运行
[2026-03-18 00:25:01] ========== 监控检查结束 ==========
[2026-03-18 00:30:01] ========== 开始监控检查 ==========
[2026-03-18 00:30:01] 正常：容器 lnmp_mysql 正在运行
[2026-03-18 00:30:01] 正常：容器 lnmp_php 正在运行
[2026-03-18 00:30:01] 正常：容器 lnmp_nginx 正在运行
[2026-03-18 00:30:01] ========== 监控检查结束 ==========
[2026-03-18 00:35:01] ========== 开始监控检查 ==========
[2026-03-18 00:35:02] 正常：容器 lnmp_mysql 正在运行
[2026-03-18 00:35:02] 正常：容器 lnmp_php 正在运行
[2026-03-18 00:35:02] 正常：容器 lnmp_nginx 正在运行
[2026-03-18 00:35:02] ========== 监控检查结束 ==========
[2026-03-18 00:40:01] ========== 开始监控检查 ==========
[2026-03-18 00:40:01] 正常：容器 lnmp_mysql 正在运行
[2026-03-18 00:40:01] 正常：容器 lnmp_php 正在运行
[2026-03-18 00:40:01] 正常：容器 lnmp_nginx 正在运行
[2026-03-18 00:40:01] ========== 监控检查结束 ==========
[2026-03-18 00:45:01] ========== 开始监控检查 ==========
[2026-03-18 00:45:01] 正常：容器 lnmp_mysql 正在运行
[2026-03-18 00:45:01] 正常：容器 lnmp_php 正在运行
[2026-03-18 00:45:01] 正常：容器 lnmp_nginx 正在运行
[2026-03-18 00:45:01] ========== 监控检查结束 ==========
[2026-03-18 00:50:01] ========== 开始监控检查 ==========
[2026-03-18 00:50:02] 正常：容器 lnmp_mysql 正在运行
[2026-03-18 00:50:02] 正常：容器 lnmp_php 正在运行
[2026-03-18 00:50:02] 正常：容器 lnmp_nginx 正在运行
[2026-03-18 00:50:02] ========== 监控检查结束 ==========
[2026-03-18 00:55:01] ========== 开始监控检查 ==========
[2026-03-18 00:55:01] 正常：容器 lnmp_mysql 正在运行
[2026-03-18 00:55:01] 正常：容器 lnmp_php 正在运行
[2026-03-18 00:55:01] 正常：容器 lnmp_nginx 正在运行
[2026-03-18 00:55:01] ========== 监控检查结束 ==========
[2026-03-18 01:00:01] ========== 开始监控检查 ==========
[2026-03-18 01:00:01] 正常：容器 lnmp_mysql 正在运行
[2026-03-18 01:00:01] 正常：容器 lnmp_php 正在运行
[2026-03-18 01:00:02] 正常：容器 lnmp_nginx 正在运行
[2026-03-18 01:00:02] ========== 监控检查结束 ==========
[2026-03-18 01:05:01] ========== 开始监控检查 ==========
[2026-03-18 01:05:01] 正常：容器 lnmp_mysql 正在运行
[2026-03-18 01:05:01] 正常：容器 lnmp_php 正在运行
[2026-03-18 01:05:01] 正常：容器 lnmp_nginx 正在运行
[2026-03-18 01:05:01] ========== 监控检查结束 ==========
[2026-03-18 01:10:01] ========== 开始监控检查 ==========
[2026-03-18 01:10:02] 正常：容器 lnmp_mysql 正在运行
[2026-03-18 01:10:02] 正常：容器 lnmp_php 正在运行
[2026-03-18 01:10:02] 正常：容器 lnmp_nginx 正在运行
[2026-03-18 01:10:02] ========== 监控检查结束 ==========
[2026-03-18 01:15:01] ========== 开始监控检查 ==========
[2026-03-18 01:15:01] 正常：容器 lnmp_mysql 正在运行
[2026-03-18 01:15:01] 正常：容器 lnmp_php 正在运行
[2026-03-18 01:15:01] 正常：容器 lnmp_nginx 正在运行
[2026-03-18 01:15:01] ========== 监控检查结束 ==========
[2026-03-18 01:20:02] ========== 开始监控检查 ==========
[2026-03-18 01:20:02] 正常：容器 lnmp_mysql 正在运行
[2026-03-18 01:20:02] 正常：容器 lnmp_php 正在运行
[2026-03-18 01:20:02] 正常：容器 lnmp_nginx 正在运行
[2026-03-18 01:20:02] ========== 监控检查结束 ==========
[2026-03-18 01:25:01] ========== 开始监控检查 ==========
[2026-03-18 01:25:01] 正常：容器 lnmp_mysql 正在运行
[2026-03-18 01:25:01] 正常：容器 lnmp_php 正在运行
[2026-03-18 01:25:01] 正常：容器 lnmp_nginx 正在运行
[2026-03-18 01:25:01] ========== 监控检查结束 ==========
[2026-03-18 01:30:02] ========== 开始监控检查 ==========
[2026-03-18 01:30:02] 正常：容器 lnmp_mysql 正在运行
[2026-03-18 01:30:02] 正常：容器 lnmp_php 正在运行
[2026-03-18 01:30:02] 正常：容器 lnmp_nginx 正在运行
[2026-03-18 01:30:02] ========== 监控检查结束 ==========
[2026-03-18 01:35:01] ========== 开始监控检查 ==========
[2026-03-18 01:35:01] 正常：容器 lnmp_mysql 正在运行
[2026-03-18 01:35:01] 正常：容器 lnmp_php 正在运行
[2026-03-18 01:35:01] 正常：容器 lnmp_nginx 正在运行
[2026-03-18 01:35:01] ========== 监控检查结束 ==========
[2026-03-18 01:40:01] ========== 开始监控检查 ==========
[2026-03-18 01:40:05] 正常：容器 lnmp_mysql 正在运行
[2026-03-18 01:40:05] 正常：容器 lnmp_php 正在运行
[2026-03-18 01:40:05] 正常：容器 lnmp_nginx 正在运行
[2026-03-18 01:40:05] ========== 监控检查结束 ==========
[2026-03-18 01:45:01] ========== 开始监控检查 ==========
[2026-03-18 01:45:01] 正常：容器 lnmp_mysql 正在运行
[2026-03-18 01:45:01] 正常：容器 lnmp_php 正在运行
[2026-03-18 01:45:01] 正常：容器 lnmp_nginx 正在运行
[2026-03-18 01:45:01] ========== 监控检查结束 ==========
[2026-03-18 01:50:02] ========== 开始监控检查 ==========
[2026-03-18 01:50:02] 正常：容器 lnmp_mysql 正在运行
[2026-03-18 01:50:02] 正常：容器 lnmp_php 正在运行
[2026-03-18 01:50:02] 正常：容器 lnmp_nginx 正在运行
[2026-03-18 01:50:02] ========== 监控检查结束 ==========
[2026-03-18 01:55:01] ========== 开始监控检查 ==========
[2026-03-18 01:55:01] 正常：容器 lnmp_mysql 正在运行
[2026-03-18 01:55:02] 正常：容器 lnmp_php 正在运行
[2026-03-18 01:55:02] 正常：容器 lnmp_nginx 正在运行
[2026-03-18 01:55:02] ========== 监控检查结束 ==========
[2026-03-18 02:00:01] ========== 开始监控检查 ==========
[2026-03-18 02:00:01] 正常：容器 lnmp_mysql 正在运行
[2026-03-18 02:00:01] 正常：容器 lnmp_php 正在运行
[2026-03-18 02:00:01] 正常：容器 lnmp_nginx 正在运行
[2026-03-18 02:00:01] ========== 监控检查结束 ==========
[2026-03-18 02:05:01] ========== 开始监控检查 ==========
[2026-03-18 02:05:01] 正常：容器 lnmp_mysql 正在运行
[2026-03-18 02:05:01] 正常：容器 lnmp_php 正在运行
[2026-03-18 02:05:01] 正常：容器 lnmp_nginx 正在运行
[2026-03-18 02:05:01] ========== 监控检查结束 ==========
[2026-03-18 02:10:03] ========== 开始监控检查 ==========
[2026-03-18 02:10:03] 正常：容器 lnmp_mysql 正在运行
[2026-03-18 02:10:03] 正常：容器 lnmp_php 正在运行
[2026-03-18 02:10:03] 正常：容器 lnmp_nginx 正在运行
[2026-03-18 02:10:03] ========== 监控检查结束 ==========
[2026-03-18 02:14:56] ========== 开始监控检查 ==========
[2026-03-18 02:14:56] 正常：容器 lnmp_mysql 正在运行
[2026-03-18 02:14:56] 正常：容器 lnmp_php 正在运行
[2026-03-18 02:14:56] 警告：容器 lnmp_nginx 未运行，尝试重启...
[2026-03-18 02:15:01] ========== 开始监控检查 ==========
[2026-03-18 02:15:01] 正常：容器 lnmp_mysql 正在运行
[2026-03-18 02:15:02] 正常：容器 lnmp_php 正在运行
[2026-03-18 02:15:07] 成功重启容器 lnmp_nginx
[2026-03-18 02:15:07] ========== 监控检查结束 ==========
[2026-03-18 02:15:07] 正常：容器 lnmp_nginx 正在运行
[2026-03-18 02:15:08] ========== 监控检查结束 ==========
[2026-03-18 02:20:01] ========== 开始监控检查 ==========
[2026-03-18 02:20:01] 正常：容器 lnmp_mysql 正在运行
[2026-03-18 02:20:01] 正常：容器 lnmp_php 正在运行
[2026-03-18 02:20:01] 正常：容器 lnmp_nginx 正在运行
[2026-03-18 02:20:01] ========== 监控检查结束 ==========
[2026-03-18 02:24:23] ========== 开始监控检查 ==========
[2026-03-18 02:24:23] 正常：容器 lnmp_mysql 正在运行
[2026-03-18 02:24:23] 正常：容器 lnmp_php 正在运行
[2026-03-18 02:24:23] 警告：容器 lnmp_nginx 未运行，尝试重启...
[2026-03-18 02:24:28] 成功重启容器 lnmp_nginx
[2026-03-18 02:24:28] ========== 监控检查结束 ==========
[2026-03-18 02:25:01] ========== 开始监控检查 ==========
[2026-03-18 02:25:01] 正常：容器 lnmp_mysql 正在运行
[2026-03-18 02:25:01] 正常：容器 lnmp_php 正在运行
[2026-03-18 02:25:01] 正常：容器 lnmp_nginx 正在运行
[2026-03-18 02:25:01] ========== 监控检查结束 ==========
[2026-03-18 02:28:16] ========== 开始监控检查 ==========
[2026-03-18 02:28:16] 正常：容器 lnmp_mysql 正在运行
[2026-03-18 02:28:16] 正常：容器 lnmp_php 正在运行
[2026-03-18 02:28:16] 警告：容器 lnmp_nginx 未运行，尝试重启...
[2026-03-18 02:28:16] 错误：重启容器 lnmp_nginx 失败！
[2026-03-18 02:28:20] ========== 监控检查结束 ==========
[2026-03-18 02:30:02] ========== 开始监控检查 ==========
[2026-03-18 02:30:02] 正常：容器 lnmp_mysql 正在运行
[2026-03-18 02:30:02] 正常：容器 lnmp_php 正在运行
[2026-03-18 02:30:02] 正常：容器 lnmp_nginx 正在运行
[2026-03-18 02:30:02] ========== 监控检查结束 ==========
[2026-03-18 02:30:52] ========== 开始监控检查 ==========
[2026-03-18 02:30:52] 正常：容器 lnmp_mysql 正在运行
[2026-03-18 02:30:52] 正常：容器 lnmp_php 正在运行
[2026-03-18 02:30:52] 警告：容器 lnmp_nginx 未运行，尝试重启...
[2026-03-18 02:30:53] 错误：重启容器 lnmp_nginx 失败！
[2026-03-18 02:30:56] ========== 监控检查结束 ==========
[2026-03-18 02:31:21] ========== 开始监控检查 ==========
[2026-03-18 02:31:21] 正常：容器 lnmp_mysql 正在运行
[2026-03-18 02:31:21] 正常：容器 lnmp_php 正在运行
[2026-03-18 02:31:21] 警告：容器 lnmp_nginx 未运行，尝试重启...
[2026-03-18 02:31:21] 错误：重启容器 lnmp_nginx 失败！
[2026-03-18 02:31:25] ========== 监控检查结束 ==========
[2026-03-18 02:34:57] ========== 开始监控检查 ==========
[2026-03-18 02:34:57] 正常：容器 lnmp_mysql 正在运行
[2026-03-18 02:34:57] 正常：容器 lnmp_php 正在运行
[2026-03-18 02:34:57] 警告：容器 lnmp_nginx 未运行，尝试重启...
[2026-03-18 02:34:57] 错误：重启容器 lnmp_nginx 失败！
[2026-03-18 02:35:01] ========== 开始监控检查 ==========
[2026-03-18 02:35:01] 正常：容器 lnmp_mysql 正在运行
[2026-03-18 02:35:01] 正常：容器 lnmp_php 正在运行
[2026-03-18 02:35:01] 警告：容器 lnmp_nginx 未运行，尝试重启...
[2026-03-18 02:35:01] 错误：重启容器 lnmp_nginx 失败！
[2026-03-18 02:35:01] ========== 监控检查结束 ==========
[2026-03-18 02:35:02] ========== 监控检查结束 ==========
[2026-03-18 02:40:01] ========== 开始监控检查 ==========
[2026-03-18 02:40:01] 正常：容器 lnmp_mysql 正在运行
[2026-03-18 02:40:01] 正常：容器 lnmp_php 正在运行
[2026-03-18 02:40:01] 正常：容器 lnmp_nginx 正在运行
[2026-03-18 02:40:01] ========== 监控检查结束 ==========
